d:\dxtk\dxtk\x64\debug\dxtk.pch
d:\dxtk\dxtk\x64\debug\vc140.pdb
d:\dxtk\dxtk\x64\debug\vc140.idb
d:\dxtk\dxtk\x64\debug\pch.obj
d:\dxtk\dxtk\x64\debug\game.obj
d:\dxtk\dxtk\x64\debug\main.obj
d:\dxtk\x64\debug\dxtk.lib
d:\dxtk\x64\debug\dxtk.exp
d:\dxtk\x64\debug\dxtk.ilk
d:\dxtk\x64\debug\dxtk.exe
d:\dxtk\x64\debug\dxtk.pdb
d:\dxtk\dxtk\x64\debug\resource.res
d:\dxtk\dxtk\x64\debug\dxtk.exe.embed.manifest.res
d:\dxtk\dxtk\x64\debug\dxtk.exe.embed.manifest
d:\dxtk\dxtk\x64\debug\dxtk_manifest.rc
d:\dxtk\dxtk\x64\debug\dxtk.tlog\cl.command.1.tlog
d:\dxtk\dxtk\x64\debug\dxtk.tlog\cl.read.1.tlog
d:\dxtk\dxtk\x64\debug\dxtk.tlog\cl.write.1.tlog
d:\dxtk\dxtk\x64\debug\dxtk.tlog\dxtk.write.1u.tlog
d:\dxtk\dxtk\x64\debug\dxtk.tlog\link.command.1.tlog
d:\dxtk\dxtk\x64\debug\dxtk.tlog\link.read.1.tlog
d:\dxtk\dxtk\x64\debug\dxtk.tlog\link.write.1.tlog
d:\dxtk\dxtk\x64\debug\dxtk.tlog\rc.command.1.tlog
d:\dxtk\dxtk\x64\debug\dxtk.tlog\rc.read.1.tlog
d:\dxtk\dxtk\x64\debug\dxtk.tlog\rc.write.1.tlog
